2024-12-18 20:11:43 - Ѕот запущен...
2024-12-18 20:12:38 - User: јлександр (@astralswag) sent /start
2024-12-18 20:12:53 - User: јлександр (@astralswag) requested ' то дежурит?'
2024-12-18 20:12:53 - »звлечЄнные строки: [<sqlite3.Row object at 0x000001C42B64D0F0>, <sqlite3.Row object at 0x000001C42B64DFF0>, <sqlite3.Row object at 0x000001C42B64F490>]
2024-12-18 20:12:53 - ƒежурные колонки: ['@ssofpa']
2024-12-18 20:12:54 - User: јлександр (@astralswag) - On duty: @ssofpa
2024-12-18 20:13:18 - User: јлександр (@astralswag) sent /update
2024-12-18 20:13:37 - User: јлександр (@astralswag) - Schedule updated successfully
2024-12-18 20:15:15 - Infinity polling: polling exited
2024-12-18 20:15:15 - Break infinity polling
2024-12-18 20:25:27 - –С–Њ—В –Ј–∞–њ—Г—Й–µ–љ...
2024-12-18 20:25:41 - User: –Р–ї–µ–Ї—Б–∞–љ–і—А (@astralswag) sent /start
2024-12-18 20:25:45 - User: –Р–ї–µ–Ї—Б–∞–љ–і—А (@astralswag) requested '–Ъ—В–Њ –і–µ–ґ—Г—А–Є—В?'
2024-12-18 20:25:45 - –Ш–Ј–≤–ї–µ—З—С–љ–љ—Л–µ —Б—В—А–Њ–Ї–Є: [<sqlite3.Row object at 0x00000219AA23DDE0>, <sqlite3.Row object at 0x00000219AA23DE70>, <sqlite3.Row object at 0x00000219AA23E110>]
2024-12-18 20:25:45 - –Ф–µ–ґ—Г—А–љ—Л–µ –Ї–Њ–ї–Њ–љ–Ї–Є: ['@ssofpa']
2024-12-18 20:25:46 - User: –Р–ї–µ–Ї—Б–∞–љ–і—А (@astralswag) - On duty: @ssofpa
2024-12-18 20:32:56 - Infinity polling: polling exited
2024-12-18 20:32:56 - Break infinity polling
2024-12-18 20:33:00 - –С–Њ—В –Ј–∞–њ—Г—Й–µ–љ...
2024-12-18 20:33:15 - User: –Р–ї–µ–Ї—Б–∞–љ–і—А (@astralswag) sent /start
2024-12-18 20:33:18 - User: –Р–ї–µ–Ї—Б–∞–љ–і—А (@astralswag) requested '–Ъ—В–Њ –і–µ–ґ—Г—А–Є—В?'
2024-12-18 20:33:18 - User: –Р–ї–µ–Ї—Б–∞–љ–і—А (@astralswag) - On duty: @ssofpa
2024-12-18 20:33:34 - User: –Р–ї–µ–Ї—Б–∞–љ–і—А (@astralswag) sent /my_schedule
2024-12-18 20:34:24 - User: –Р–ї–µ–Ї—Б–∞–љ–і—А (@astralswag) - Invalid input for schedule days.
2024-12-18 20:35:11 - User: –Р–ї–µ–Ї—Б–∞–љ–і—А (@astralswag) sent /my_schedule
2024-12-18 20:35:25 - User: –Р–ї–µ–Ї—Б–∞–љ–і—А (@astralswag) - No schedule found for @astralswag
2024-12-18 20:35:45 - Infinity polling: polling exited
2024-12-18 20:35:45 - Break infinity polling
2024-12-18 20:36:52 - –С–Њ—В –Ј–∞–њ—Г—Й–µ–љ...
2024-12-18 20:37:08 - User: –Р–ї–µ–Ї—Б–∞–љ–і—А (@astralswag) sent /my_schedule
2024-12-18 20:37:25 - User: –Р–ї–µ–Ї—Б–∞–љ–і—А (@astralswag) - No schedule found for @astralswag
2024-12-18 20:53:47 - Infinity polling: polling exited
2024-12-18 20:53:47 - Break infinity polling
2024-12-18 20:53:49 - –С–Њ—В –Ј–∞–њ—Г—Й–µ–љ...
2024-12-18 20:54:02 - User: –Р–ї–µ–Ї—Б–∞–љ–і—А (@astralswag) requested '–Ъ—В–Њ –і–µ–ґ—Г—А–Є—В?'
2024-12-18 20:54:03 - User: –Р–ї–µ–Ї—Б–∞–љ–і—А (@astralswag) - On duty: @ssofpa
2024-12-18 20:54:06 - User: –Р–ї–µ–Ї—Б–∞–љ–і—А (@astralswag) sent /my_schedule
2024-12-18 20:54:10 - User: –Р–ї–µ–Ї—Б–∞–љ–і—А (@astralswag) - Schedule sent for @astralswag
2024-12-18 20:54:21 - User: –Р–ї–µ–Ї—Б–∞–љ–і—А (@astralswag) sent /my_schedule
2024-12-18 20:54:27 - User: –Р–ї–µ–Ї—Б–∞–љ–і—А (@astralswag) - Schedule sent for @astralswag
2024-12-18 21:03:51 - Infinity polling: polling exited
2024-12-18 21:03:51 - Break infinity polling
2024-12-18 21:03:53 - –С–Њ—В –Ј–∞–њ—Г—Й–µ–љ...
2024-12-18 21:04:10 - User: –Р–ї–µ–Ї—Б–∞–љ–і—А (@astralswag) sent /my_schedule
2024-12-18 21:04:13 - User: –Р–ї–µ–Ї—Б–∞–љ–і—А (@astralswag) - Schedule sent for @astralswag
2024-12-18 21:07:04 - User: –Р–ї–µ–Ї—Б–∞–љ–і—А (@astralswag) sent /my_schedule
2024-12-18 21:07:08 - User: –Р–ї–µ–Ї—Б–∞–љ–і—А (@astralswag) - Schedule sent for @astralswag
2024-12-18 21:18:47 - Infinity polling: polling exited
2024-12-18 21:18:47 - Break infinity polling
2024-12-18 21:18:49 - –С–Њ—В –Ј–∞–њ—Г—Й–µ–љ...
2024-12-18 21:19:09 - User: –Р–ї–µ–Ї—Б–∞–љ–і—А (@astralswag) sent /start
2024-12-18 21:19:13 - User: –Р–ї–µ–Ї—Б–∞–љ–і—А (@astralswag) requested '–Ъ—В–Њ –і–µ–ґ—Г—А–Є—В?'
2024-12-18 21:19:14 - User: –Р–ї–µ–Ї—Б–∞–љ–і—А (@astralswag) - On duty: @ssofpa
2024-12-18 21:19:15 - User: –Р–ї–µ–Ї—Б–∞–љ–і—А (@astralswag) requested '–Ь–Њ—С —А–∞—Б–њ–Є—Б–∞–љ–Є–µ'
2024-12-18 21:19:20 - User: –Р–ї–µ–Ї—Б–∞–љ–і—А (@astralswag) - Schedule sent for @astralswag
2024-12-18 21:19:26 - User: –Р–ї–µ–Ї—Б–∞–љ–і—А (@astralswag) requested '–Ь–Њ—С —А–∞—Б–њ–Є—Б–∞–љ–Є–µ'
2024-12-18 21:19:30 - User: –Р–ї–µ–Ї—Б–∞–љ–і—А (@astralswag) requested '–Ь–Њ—С —А–∞—Б–њ–Є—Б–∞–љ–Є–µ'
2024-12-18 21:19:45 - User: –Р–ї–µ–Ї—Б–∞–љ–і—А (@astralswag) - Schedule sent for @astralswag
2024-12-18 21:29:29 - Infinity polling: polling exited
2024-12-18 21:29:29 - Break infinity polling
2024-12-18 21:29:31 - –С–Њ—В –Ј–∞–њ—Г—Й–µ–љ...
2024-12-18 21:29:42 - User: –Р–ї–µ–Ї—Б–∞–љ–і—А (@astralswag) requested '–Ь–Њ—С —А–∞—Б–њ–Є—Б–∞–љ–Є–µ'
2024-12-18 21:29:47 - User: –Р–ї–µ–Ї—Б–∞–љ–і—А (@astralswag) - Schedule sent for @astralswag
2024-12-18 21:35:01 - User: –Р–ї–µ–Ї—Б–∞–љ–і—А (@astralswag) requested '–Ь–Њ—С —А–∞—Б–њ–Є—Б–∞–љ–Є–µ'
2024-12-18 21:45:28 - Infinity polling: polling exited
2024-12-18 21:45:28 - Break infinity polling
2024-12-18 21:45:30 - –С–Њ—В –Ј–∞–њ—Г—Й–µ–љ...
2024-12-18 21:45:38 - User: –Р–ї–µ–Ї—Б–∞–љ–і—А (@astralswag) requested '–Ь–Њ—С —А–∞—Б–њ–Є—Б–∞–љ–Є–µ'
2024-12-18 21:45:51 - User: –Р–ї–µ–Ї—Б–∞–љ–і—А (@astralswag) - Error: A request to the Telegram API was unsuccessful. Error code: 400. Description: Bad Request: can't parse entities: Character '|' is reserved and must be escaped with the preceding '\'
2024-12-18 21:48:46 - Infinity polling: polling exited
2024-12-18 21:48:46 - Break infinity polling
2024-12-18 21:48:48 - –С–Њ—В –Ј–∞–њ—Г—Й–µ–љ...
2024-12-18 21:49:00 - User: –Р–ї–µ–Ї—Б–∞–љ–і—А (@astralswag) sent /start
2024-12-18 21:49:03 - User: –Р–ї–µ–Ї—Б–∞–љ–і—А (@astralswag) requested '–Ь–Њ—С —А–∞—Б–њ–Є—Б–∞–љ–Є–µ'
2024-12-18 21:49:13 - User: –Р–ї–µ–Ї—Б–∞–љ–і—А (@astralswag) - Error: A request to the Telegram API was unsuccessful. Error code: 400. Description: Bad Request: can't parse entities: Character '|' is reserved and must be escaped with the preceding '\'
2024-12-18 21:53:12 - Infinity polling: polling exited
2024-12-18 21:53:12 - Break infinity polling
2024-12-18 21:53:48 - –С–Њ—В –Ј–∞–њ—Г—Й–µ–љ...
2024-12-18 21:54:01 - User: –Р–ї–µ–Ї—Б–∞–љ–і—А (@astralswag) sent /start
2024-12-18 21:54:03 - User: –Р–ї–µ–Ї—Б–∞–љ–і—А (@astralswag) requested '–Ь–Њ—С —А–∞—Б–њ–Є—Б–∞–љ–Є–µ'
2024-12-18 21:54:07 - User: –Р–ї–µ–Ї—Б–∞–љ–і—А (@astralswag) - Error: A request to the Telegram API was unsuccessful. Error code: 400. Description: Bad Request: can't parse entities: Character '(' is reserved and must be escaped with the preceding '\'
2024-12-18 21:56:52 - Infinity polling: polling exited
2024-12-18 21:56:52 - Break infinity polling
2024-12-18 21:56:54 - –С–Њ—В –Ј–∞–њ—Г—Й–µ–љ...
2024-12-18 21:57:16 - –С–Њ—В –Ј–∞–њ—Г—Й–µ–љ...
2024-12-18 22:00:04 - Infinity polling: polling exited
2024-12-18 22:00:04 - Break infinity polling
2024-12-18 22:00:15 - –С–Њ—В –Ј–∞–њ—Г—Й–µ–љ...
2024-12-18 22:00:29 - User: –Р–ї–µ–Ї—Б–∞–љ–і—А (@astralswag) sent /start
2024-12-18 22:00:31 - User: –Р–ї–µ–Ї—Б–∞–љ–і—А (@astralswag) requested '–Ь–Њ—С —А–∞—Б–њ–Є—Б–∞–љ–Є–µ'
2024-12-18 22:00:35 - User: –Р–ї–µ–Ї—Б–∞–љ–і—А (@astralswag) - Error: A request to the Telegram API was unsuccessful. Error code: 400. Description: Bad Request: can't parse entities: Character '-' is reserved and must be escaped with the preceding '\'
2024-12-18 22:02:04 - Infinity polling: polling exited
2024-12-18 22:02:04 - Break infinity polling
2024-12-18 22:02:06 - –С–Њ—В –Ј–∞–њ—Г—Й–µ–љ...
2024-12-18 22:02:21 - User: –Р–ї–µ–Ї—Б–∞–љ–і—А (@astralswag) sent /start
2024-12-18 22:02:21 - User: –Р–ї–µ–Ї—Б–∞–љ–і—А (@astralswag) sent /start
2024-12-18 22:02:24 - User: –Р–ї–µ–Ї—Б–∞–љ–і—А (@astralswag) requested '–Ь–Њ—С —А–∞—Б–њ–Є—Б–∞–љ–Є–µ'
2024-12-18 22:02:26 - User: –Р–ї–µ–Ї—Б–∞–љ–і—А (@astralswag) - Error: bad character range \\-= at position 18
2024-12-18 22:03:18 - Infinity polling: polling exited
2024-12-18 22:03:18 - Break infinity polling
2024-12-18 22:03:20 - –С–Њ—В –Ј–∞–њ—Г—Й–µ–љ...
2024-12-18 22:03:31 - –С–Њ—В –Ј–∞–њ—Г—Й–µ–љ...
2024-12-18 22:03:41 - User: –Р–ї–µ–Ї—Б–∞–љ–і—А (@astralswag) sent /start
2024-12-18 22:03:43 - User: –Р–ї–µ–Ї—Б–∞–љ–і—А (@astralswag) requested '–Ь–Њ—С —А–∞—Б–њ–Є—Б–∞–љ–Є–µ'
2024-12-18 22:03:47 - User: –Р–ї–µ–Ї—Б–∞–љ–і—А (@astralswag) - Schedule sent for @astralswag
2024-12-18 22:06:00 - Infinity polling: polling exited
2024-12-18 22:06:00 - Break infinity polling
2024-12-18 22:06:02 - –С–Њ—В –Ј–∞–њ—Г—Й–µ–љ...
2024-12-18 22:06:06 - User: –Р–ї–µ–Ї—Б–∞–љ–і—А (@astralswag) sent /start
2024-12-18 22:06:08 - User: –Р–ї–µ–Ї—Б–∞–љ–і—А (@astralswag) requested '–Ь–Њ—С —А–∞—Б–њ–Є—Б–∞–љ–Є–µ'
2024-12-18 22:06:10 - User: –Р–ї–µ–Ї—Б–∞–љ–і—А (@astralswag) - Schedule sent for @astralswag
2024-12-18 22:06:43 - User: –Р–ї–µ–Ї—Б–∞–љ–і—А (@astralswag) sent /start
2024-12-18 22:06:46 - User: –Р–ї–µ–Ї—Б–∞–љ–і—А (@astralswag) requested '–Ь–Њ—С —А–∞—Б–њ–Є—Б–∞–љ–Є–µ'
2024-12-18 22:06:53 - User: –Р–ї–µ–Ї—Б–∞–љ–і—А (@astralswag) - Schedule sent for @astralswag
2024-12-18 22:10:47 - User: –Р–ї–µ–Ї—Б–∞–љ–і—А (@astralswag) sent /start
2024-12-18 22:10:50 - User: –Р–ї–µ–Ї—Б–∞–љ–і—А (@astralswag) requested '–Ь–Њ—С —А–∞—Б–њ–Є—Б–∞–љ–Є–µ'
2024-12-18 22:10:53 - User: –Р–ї–µ–Ї—Б–∞–љ–і—А (@astralswag) - Schedule sent for @astralswag
2024-12-18 22:11:05 - User: –Р–ї–µ–Ї—Б–∞–љ–і—А (@astralswag) sent /start
2024-12-18 22:11:06 - User: –Р–ї–µ–Ї—Б–∞–љ–і—А (@astralswag) requested '–Ь–Њ—С —А–∞—Б–њ–Є—Б–∞–љ–Є–µ'
2024-12-18 22:11:10 - User: –Р–ї–µ–Ї—Б–∞–љ–і—А (@astralswag) - Schedule sent for @astralswag
2024-12-18 22:11:56 - Infinity polling: polling exited
2024-12-18 22:11:56 - Break infinity polling
2024-12-18 22:11:58 - –С–Њ—В –Ј–∞–њ—Г—Й–µ–љ...
2024-12-18 22:12:11 - –С–Њ—В –Ј–∞–њ—Г—Й–µ–љ...
2024-12-18 22:12:17 - Infinity polling: polling exited
2024-12-18 22:12:17 - Break infinity polling
2024-12-18 22:12:18 - –С–Њ—В –Ј–∞–њ—Г—Й–µ–љ...
2024-12-18 22:12:22 - Infinity polling: polling exited
2024-12-18 22:12:22 - Break infinity polling
2024-12-18 22:12:23 - –С–Њ—В –Ј–∞–њ—Г—Й–µ–љ...
2024-12-18 22:12:36 - –С–Њ—В –Ј–∞–њ—Г—Й–µ–љ...
2024-12-18 22:12:42 - User: –Р–ї–µ–Ї—Б–∞–љ–і—А (@astralswag) sent /start
2024-12-18 22:12:44 - User: –Р–ї–µ–Ї—Б–∞–љ–і—А (@astralswag) requested '–Ь–Њ—С —А–∞—Б–њ–Є—Б–∞–љ–Є–µ'
2024-12-18 22:12:53 - User: –Р–ї–µ–Ї—Б–∞–љ–і—А (@astralswag) - Schedule sent for @astralswag
2024-12-18 22:17:31 - Infinity polling: polling exited
2024-12-18 22:17:31 - Break infinity polling
2024-12-18 22:17:32 - –С–Њ—В –Ј–∞–њ—Г—Й–µ–љ...
2024-12-18 22:19:53 - Infinity polling: polling exited
2024-12-18 22:19:53 - Break infinity polling
2024-12-18 22:19:56 - –С–Њ—В –Ј–∞–њ—Г—Й–µ–љ...
2024-12-18 22:20:10 - User: –Р–ї–µ–Ї—Б–∞–љ–і—А (@astralswag) sent /start
2024-12-18 22:20:14 - User: –Р–ї–µ–Ї—Б–∞–љ–і—А (@astralswag) requested '–Ь–Њ—С —А–∞—Б–њ–Є—Б–∞–љ–Є–µ'
2024-12-18 22:21:56 - Infinity polling: polling exited
2024-12-18 22:21:56 - Break infinity polling
2024-12-18 22:22:03 - –С–Њ—В –Ј–∞–њ—Г—Й–µ–љ...
2024-12-18 22:22:08 - User: –Р–ї–µ–Ї—Б–∞–љ–і—А (@astralswag) sent /start
2024-12-18 22:22:10 - User: –Р–ї–µ–Ї—Б–∞–љ–і—А (@astralswag) requested '–Ь–Њ—С —А–∞—Б–њ–Є—Б–∞–љ–Є–µ'
2024-12-18 22:22:13 - User: –Р–ї–µ–Ї—Б–∞–љ–і—А (@astralswag) - Schedule sent for @astralswag
2024-12-18 22:23:07 - User: –Р–ї–µ–Ї—Б–∞–љ–і—А (@astralswag) sent /start
2024-12-18 22:24:07 - Infinity polling: polling exited
2024-12-18 22:24:07 - Break infinity polling
2024-12-18 22:24:16 - –С–Њ—В –Ј–∞–њ—Г—Й–µ–љ...
2024-12-18 22:25:11 - User: –Р–ї–µ–Ї—Б–∞–љ–і—А (@astralswag) sent /start
2024-12-18 22:26:12 - User: –Р–ї–µ–Ї—Б–∞–љ–і—А (@astralswag) requested '–Ь–Њ—С —А–∞—Б–њ–Є—Б–∞–љ–Є–µ'
2024-12-18 22:26:14 - User: –Р–ї–µ–Ї—Б–∞–љ–і—А (@astralswag) - Schedule sent for @astralswag
2024-12-18 22:26:20 - User: –Р–ї–µ–Ї—Б–∞–љ–і—А (@astralswag) requested '–Ь–Њ—С —А–∞—Б–њ–Є—Б–∞–љ–Є–µ'
2024-12-18 22:26:23 - User: –Р–ї–µ–Ї—Б–∞–љ–і—А (@astralswag) - Schedule sent for @astralswag
2024-12-18 22:26:58 - Infinity polling: polling exited
2024-12-18 22:26:58 - Break infinity polling
2024-12-18 22:27:02 - –С–Њ—В –Ј–∞–њ—Г—Й–µ–љ...
2024-12-18 22:27:15 - User: –Р–ї–µ–Ї—Б–∞–љ–і—А (@astralswag) sent /start
2024-12-18 22:27:19 - User: –Р–ї–µ–Ї—Б–∞–љ–і—А (@astralswag) sent /start
2024-12-18 22:27:25 - User: –Р–ї–µ–Ї—Б–∞–љ–і—А (@astralswag) sent /start
2024-12-18 22:27:27 - User: –Р–ї–µ–Ї—Б–∞–љ–і—А (@astralswag) requested '–Ь–Њ—С —А–∞—Б–њ–Є—Б–∞–љ–Є–µ'
2024-12-18 22:27:29 - User: –Р–ї–µ–Ї—Б–∞–љ–і—А (@astralswag) - Schedule sent for @astralswag
2024-12-18 22:27:30 - User: –Р–ї–µ–Ї—Б–∞–љ–і—А (@astralswag) - Error: A request to the Telegram API was unsuccessful. Error code: 400. Description: Bad Request: message text is empty
2024-12-18 22:28:01 - Infinity polling: polling exited
2024-12-18 22:28:01 - Break infinity polling
2024-12-18 22:28:06 - –С–Њ—В –Ј–∞–њ—Г—Й–µ–љ...
2024-12-18 22:28:34 - User: –Р–ї–µ–Ї—Б–∞–љ–і—А (@astralswag) sent /start
2024-12-18 22:28:36 - User: –Р–ї–µ–Ї—Б–∞–љ–і—А (@astralswag) requested '–Ь–Њ—С —А–∞—Б–њ–Є—Б–∞–љ–Є–µ'
2024-12-18 22:28:39 - User: –Р–ї–µ–Ї—Б–∞–љ–і—А (@astralswag) - Schedule sent for @astralswag
2024-12-18 22:28:42 - User: –Р–ї–µ–Ї—Б–∞–љ–і—А (@astralswag) requested '–Ь–Њ—С —А–∞—Б–њ–Є—Б–∞–љ–Є–µ'
2024-12-18 22:28:43 - User: –Р–ї–µ–Ї—Б–∞–љ–і—А (@astralswag) - Schedule sent for @astralswag
2024-12-18 22:38:33 - Infinity polling: polling exited
2024-12-18 22:38:33 - Break infinity polling
